<?xml version="1.0" encoding="UTF-8"?>
<!-- Generated by org.testng.reporters.JUnitReportReporter -->
<testsuite hostname="LAPTOP-RIO5B1JU" failures="0" tests="1" name="demoGuruRegisterPage.RegisterPage" time="8.203" errors="0" timestamp="2023-06-30T14:27:05 IST" skipped="0">
  <testcase classname="demoGuruRegisterPage.RegisterPage" name="TestMethodRegister" time="8.203"/>
  <system-out/>
</testsuite> <!-- demoGuruRegisterPage.RegisterPage -->
